17-04-2023 17:06:40 | ------ Start program ------
17-04-2023 17:07:07 | ------ Stop program  ------
17-04-2023 17:07:15 | ------ Start program ------
17-04-2023 17:07:29 | Load image "P:\─ы  ╠ґЁрҐр\Modbus\z5rn_wgmod2_38400.rom"
17-04-2023 17:08:21 | ------ Stop program  ------
17-04-2023 17:08:31 | ------ Start program ------
17-04-2023 17:08:42 | Checking S/N=1
17-04-2023 17:09:11 | Load image "P:\─ы  ╠ґЁрҐр\Modbus\z5rn_wgmod2_38400.rom"
17-04-2023 17:09:21 | ------ Stop program  ------
17-04-2023 17:10:27 | ------ Start program ------
17-04-2023 17:10:48 | Scanning started
17-04-2023 17:10:49 | Detect: Type=0x25 NetAddr=2 S/N=26536.
17-04-2023 17:10:50 | Scan completed.
17-04-2023 17:10:57 | Checking NetAdr=2
17-04-2023 17:10:57 | Detect: Type=0x25 NetAddr=2 S/N=26536.
17-04-2023 17:11:06 | Checking S/N=26536
17-04-2023 17:11:06 | Detect: Type=0x25 NetAddr=2 S/N=26536.
17-04-2023 17:11:22 | Load image "P:\─ы  ╠ґЁрҐр\Modbus\z5rn_wgmod2_38400.rom"
17-04-2023 17:11:25 | Upload firmware to S/N=26536
17-04-2023 17:11:59 | Firmware program successfully completed
17-04-2023 17:12:06 | ------ Stop program  ------
25-04-2023 14:50:46 | ------ Start program ------
25-04-2023 14:51:14 | Load image "D:\яЁюхъҐ\Modbus\z5rn_wgmod2_38400.rom"
25-04-2023 14:51:19 | Upload firmware to S/N=26536
25-04-2023 14:51:52 | Firmware program successfully completed
25-04-2023 14:52:31 | ------ Stop program  ------
25-04-2023 14:55:20 | ------ Start program ------
25-04-2023 14:55:38 | Load image "D:\яЁюхъҐ\Modbus\z5r_v2.21_blk.rom"
25-04-2023 14:55:41 | Upload firmware to S/N=26536
25-04-2023 14:56:10 | Firmware program successfully completed
25-04-2023 14:58:15 | ------ Stop program  ------
25-04-2023 15:00:49 | ------ Start program ------
25-04-2023 15:01:11 | Load image "D:\яЁюхъҐ\Modbus\z5rn_wgmod2_38400.rom"
25-04-2023 15:01:22 | Upload firmware to S/N=26536
25-04-2023 15:01:56 | Firmware program successfully completed
25-04-2023 15:02:02 | ------ Stop program  ------
25-04-2023 15:25:28 | ------ Start program ------
25-04-2023 15:25:49 | Load image "D:\яЁюхъҐ\Modbus\z5rn_mod14_38400.rom"
25-04-2023 15:25:53 | Upload firmware to S/N=26536
25-04-2023 15:26:27 | Firmware program successfully completed
25-04-2023 15:26:32 | ------ Stop program  ------
25-04-2023 17:36:36 | ------ Start program ------
25-04-2023 17:37:00 | Load image "D:\яЁюхъҐ\Modbus\z5rn_mod14_38400.rom"
25-04-2023 17:37:04 | Upload firmware to S/N=26536
25-04-2023 17:37:38 | Firmware program successfully completed
25-04-2023 17:37:46 | ------ Stop program  ------
26-04-2023 10:57:30 | ------ Start program ------
26-04-2023 10:57:52 | Load image "D:\яЁюхъҐ\Modbus\z5rn_mod14_38400.rom"
26-04-2023 10:57:55 | Upload firmware to S/N=26536
26-04-2023 10:58:29 | Firmware program successfully completed
26-04-2023 10:58:36 | ------ Stop program  ------
26-04-2023 12:26:08 | ------ Start program ------
26-04-2023 12:26:23 | Load image "D:\яЁюхъҐ\Modbus\z5rn_mod15_38400.rom"
26-04-2023 12:26:27 | Upload firmware to S/N=26536
26-04-2023 12:27:01 | Firmware program successfully completed
26-04-2023 12:27:06 | ------ Stop program  ------
26-04-2023 15:11:18 | ------ Start program ------
26-04-2023 15:11:34 | Load image "D:\яЁюхъҐ\Modbus\z5rn_mod15_38400.rom"
26-04-2023 15:11:39 | Upload firmware to S/N=26536
26-04-2023 15:12:14 | Firmware program successfully completed
26-04-2023 15:12:22 | ------ Stop program  ------
12-05-2023 14:20:28 | ------ Start program ------
12-05-2023 14:20:52 | ------ Stop program  ------
12-05-2023 14:21:03 | ------ Start program ------
12-05-2023 14:21:23 | Load image "D:\яЁюхъҐ\Modbus\z5rn_mod17_115200(26536-26536).rom"
12-05-2023 14:21:28 | Upload firmware to S/N=26536
12-05-2023 14:22:02 | Firmware program successfully completed
12-05-2023 14:22:16 | ------ Stop program  ------
12-05-2023 14:47:19 | ------ Start program ------
12-05-2023 14:47:40 | Load image "D:\яЁюхъҐ\Modbus\z5rn_mod17_38400(26536-26536).rom"
12-05-2023 14:47:46 | Upload firmware to S/N=26536
12-05-2023 14:48:21 | Firmware program successfully completed
12-05-2023 14:48:37 | ------ Stop program  ------
19-05-2023 16:16:50 | ------ Start program ------
19-05-2023 16:17:00 | Scanning started
19-05-2023 16:17:00 | Start direct scan...
19-05-2023 16:17:09 | ------ Stop program  ------
19-05-2023 16:17:11 | ------ Stop program  ------
19-05-2023 16:17:15 | Scan breaking!
19-05-2023 16:17:47 | ------ Start program ------
19-05-2023 16:17:49 | Scanning started
19-05-2023 16:17:49 | Start direct scan...
19-05-2023 16:17:57 | Scan breaking!
19-05-2023 16:17:58 | ------ Stop program  ------
19-05-2023 16:18:15 | ------ Start program ------
19-05-2023 16:18:18 | Scanning started
19-05-2023 16:18:18 | Start direct scan...
19-05-2023 16:18:49 | Scan completed.
19-05-2023 16:18:50 | Scan breaking!
19-05-2023 16:18:54 | Checking S/N=2
19-05-2023 16:19:07 | Load image "D:\яЁюхъҐ\Modbus\z5rn_mod15_38400.rom"
19-05-2023 16:19:41 | ------ Stop program  ------
19-05-2023 16:20:57 | ------ Start program ------
19-05-2023 16:21:17 | Load image "D:\яЁюхъҐ\Modbus\z5rn_mod17_38400(26536-26536).rom"
19-05-2023 16:21:53 | ------ Stop program  ------
19-05-2023 16:22:08 | ------ Start program ------
19-05-2023 16:22:51 | Load image "D:\яЁюхъҐ\Modbus\z5rn_mod17_38400(26536-26536).rom"
19-05-2023 16:22:54 | Upload firmware to S/N=26536
19-05-2023 16:23:28 | Firmware program successfully completed
19-05-2023 16:23:36 | ------ Stop program  ------
15-08-2023 15:27:03 | ------ Start program ------
15-08-2023 15:27:29 | ------ Stop program  ------
15-08-2023 15:27:57 | ------ Start program ------
15-08-2023 15:28:00 | Scanning started
15-08-2023 15:28:02 | Detect: Type=0x25 NetAddr=2 S/N=24688.
15-08-2023 15:28:03 | Detect: Type=0x25 NetAddr=3 S/N=26536.
15-08-2023 15:28:04 | Scan completed.
15-08-2023 15:28:36 | Load image "D:\яЁюхъҐ\Modbus\z5rn_mod17_38400(24688-24688).rom"
15-08-2023 15:28:54 | Checking S/N=24688
15-08-2023 15:28:54 | Detect: Type=0x25 NetAddr=2 S/N=24688.
15-08-2023 15:28:58 | Upload firmware to S/N=24688
15-08-2023 15:29:33 | Firmware program successfully completed
15-08-2023 15:29:46 | Network address was successfully changed from 2 to 1.
15-08-2023 15:30:14 | Checking S/N=26536
15-08-2023 15:30:14 | Detect: Type=0x25 NetAddr=3 S/N=26536.
15-08-2023 15:30:29 | ------ Stop program  ------
15-08-2023 15:30:31 | ------ Start program ------
15-08-2023 15:30:44 | Checking S/N=26536
15-08-2023 15:30:44 | Detect: Type=0x25 NetAddr=3 S/N=26536.
15-08-2023 15:30:54 | Load image "D:\яЁюхъҐ\Modbus\z5rn_mod17_38400(26536-26536).rom"
15-08-2023 15:30:57 | Upload firmware to S/N=26536
15-08-2023 15:31:32 | Firmware program successfully completed
15-08-2023 15:33:20 | ------ Stop program  ------
15-08-2023 15:33:24 | ------ Start program ------
15-08-2023 15:33:32 | ------ Stop program  ------
16-08-2023 10:19:39 | ------ Start program ------
16-08-2023 10:20:19 | Checking S/N=26536
16-08-2023 10:20:56 | Checking S/N=26536
16-08-2023 10:21:02 | ------ Stop program  ------
16-08-2023 10:21:06 | ------ Start program ------
16-08-2023 10:21:11 | Checking S/N=26536
16-08-2023 10:21:11 | Detect: Type=0x25 NetAddr=4 S/N=26536.
16-08-2023 10:21:20 | Load image "D:\яЁюхъҐ\Modbus\z5r_v2.21_blk.rom"
16-08-2023 10:21:22 | Upload firmware to S/N=26536
16-08-2023 10:21:50 | Firmware program successfully completed
16-08-2023 10:21:55 | ------ Stop program  ------
16-08-2023 10:21:56 | ------ Start program ------
16-08-2023 10:22:02 | Checking S/N=24688
16-08-2023 10:22:02 | Detect: Type=0x25 NetAddr=2 S/N=24688.
16-08-2023 10:22:10 | Load image "D:\яЁюхъҐ\Modbus\z5r_v2.21_blk.rom"
16-08-2023 10:22:13 | Upload firmware to S/N=24688
16-08-2023 10:22:41 | Firmware program successfully completed
16-08-2023 10:22:45 | ------ Stop program  ------
15-12-2023 16:18:13 | ------ Start program ------
15-12-2023 16:18:19 | Scan completed.
15-12-2023 16:18:23 | ------ Stop program  ------
09-10-2024 13:52:35 | ------ Start program ------
09-10-2024 13:54:26 | ------ Stop program  ------
09-10-2024 14:03:15 | ------ Start program ------
09-10-2024 14:03:47 | Checking S/N=24688
09-10-2024 14:03:47 | Detect: Type=0x25 NetAddr=2 S/N=24688.
09-10-2024 14:04:41 | Load image "D:\яЁюхъҐ\Modbus\z5rn_mod17_38400(24688-24688).rom"
09-10-2024 14:04:50 | Upload firmware to S/N=24688
09-10-2024 14:05:25 | Firmware program successfully completed
09-10-2024 14:06:17 | Checking S/N=26536
09-10-2024 14:06:53 | Checking S/N=26536
09-10-2024 14:07:17 | ------ Stop program  ------
09-10-2024 14:11:55 | ------ Start program ------
09-10-2024 14:12:05 | Checking S/N=26536
09-10-2024 14:12:05 | Detect: Type=0x25 NetAddr=2 S/N=26536.
09-10-2024 14:12:14 | Load image "D:\яЁюхъҐ\Modbus\z5rn_mod17_38400(26536-26536).rom"
09-10-2024 14:12:31 | Upload firmware to S/N=26536
09-10-2024 14:13:05 | Firmware program successfully completed
09-10-2024 14:17:23 | ------ Stop program  ------
09-10-2024 14:19:38 | ------ Start program ------
09-10-2024 14:19:55 | Checking S/N=26536
09-10-2024 14:19:56 | Detect: Type=0x25 NetAddr=2 S/N=26536.
09-10-2024 14:20:14 | Network address was successfully changed from 2 to 8.
09-10-2024 14:20:39 | Checking S/N=24688
09-10-2024 14:20:39 | Detect: Type=0x25 NetAddr=2 S/N=24688.
09-10-2024 14:20:58 | Network address was successfully changed from 4 to 4.
09-10-2024 14:21:04 | Checking S/N=24688
09-10-2024 14:21:04 | Detect: Type=0x25 NetAddr=4 S/N=24688.
09-10-2024 14:21:42 | ------ Stop program  ------
07-11-2024 10:37:58 | ------ Start program ------
07-11-2024 10:38:06 | Scan completed.
07-11-2024 10:38:45 | Scan completed.
07-11-2024 10:38:51 | Scanning started
07-11-2024 10:38:53 | Detect: Type=0x25 NetAddr=6 S/N=20176.
07-11-2024 10:38:53 | Detect: Type=0x25 NetAddr=9 S/N=20179.
07-11-2024 10:38:54 | Scan completed.
07-11-2024 10:39:14 | Load image "D:\яЁюхъҐ\Modbus\z5rn_mod17_38400.rom"
07-11-2024 10:40:25 | Scanning started
07-11-2024 10:40:27 | Detect: Type=0x25 NetAddr=6 S/N=20176.
07-11-2024 10:40:27 | Detect: Type=0x25 NetAddr=9 S/N=20179.
07-11-2024 10:40:28 | Scan completed.
07-11-2024 10:40:51 | Upload firmware to S/N=20176
07-11-2024 10:41:25 | Firmware program successfully completed
07-11-2024 10:41:43 | Checking NetAdr=6
07-11-2024 10:41:47 | Not answer
07-11-2024 10:42:04 | Network address was successfully changed from 6 to 6.
07-11-2024 10:42:21 | Scanning started
07-11-2024 10:42:22 | Detect: Type=0x25 NetAddr=6 S/N=20176.
07-11-2024 10:42:22 | Detect: Type=0x25 NetAddr=9 S/N=20179.
07-11-2024 10:42:23 | Scan completed.
07-11-2024 10:42:51 | Upload firmware to S/N=20179
07-11-2024 10:43:25 | Firmware program successfully completed
07-11-2024 10:43:39 | Scanning started
07-11-2024 10:43:40 | Detect: Type=0x25 NetAddr=6 S/N=20176.
07-11-2024 10:43:40 | Detect: Type=0x25 NetAddr=9 S/N=20179.
07-11-2024 10:43:41 | Scan completed.
07-11-2024 10:43:56 | ------ Stop program  ------
